  main.cpp
c:\users\alex\documents\c++ projects\game\game\main.cpp(19): warning C4244: 'argument': conversion from 'time_t' to 'unsigned int', possible loss of data
c:\users\alex\documents\c++ projects\game\game\main.cpp(53): warning C4305: 'argument': truncation from 'double' to 'float'
c:\users\alex\documents\c++ projects\game\game\main.cpp(58): warning C4305: 'argument': truncation from 'double' to 'float'
c:\users\alex\documents\c++ projects\game\game\main.cpp(60): warning C4305: 'argument': truncation from 'double' to 'float'
c:\users\alex\documents\c++ projects\game\game\main.cpp(78): warning C4305: 'argument': truncation from 'int' to 'float'
c:\users\alex\documents\c++ projects\game\game\main.cpp(109): warning C4305: 'argument': truncation from 'int' to 'float'
c:\users\alex\documents\c++ projects\game\game\main.cpp(109): warning C4244: 'argument': conversion from 'int' to 'float', possible loss of data
c:\users\alex\documents\c++ projects\game\game\main.cpp(111): warning C4305: 'argument': truncation from 'int' to 'float'
c:\users\alex\documents\c++ projects\game\game\main.cpp(111): warning C4244: 'argument': conversion from 'int' to 'float', possible loss of data
c:\users\alex\documents\c++ projects\game\game\main.cpp(113): warning C4305: 'argument': truncation from 'int' to 'float'
c:\users\alex\documents\c++ projects\game\game\main.cpp(113): warning C4244: 'argument': conversion from 'int' to 'float', possible loss of data
c:\users\alex\documents\c++ projects\game\game\main.cpp(115): warning C4305: 'argument': truncation from 'int' to 'float'
c:\users\alex\documents\c++ projects\game\game\main.cpp(115): warning C4244: 'argument': conversion from 'int' to 'float', possible loss of data
c:\users\alex\documents\c++ projects\game\game\main.cpp(117): warning C4305: 'argument': truncation from 'int' to 'float'
c:\users\alex\documents\c++ projects\game\game\main.cpp(117): warning C4244: 'argument': conversion from 'int' to 'float', possible loss of data
c:\users\alex\documents\c++ projects\game\game\main.cpp(119): warning C4305: 'argument': truncation from 'int' to 'float'
c:\users\alex\documents\c++ projects\game\game\main.cpp(119): warning C4244: 'argument': conversion from 'int' to 'float', possible loss of data
c:\users\alex\documents\c++ projects\game\game\main.cpp(121): warning C4305: 'argument': truncation from 'int' to 'float'
c:\users\alex\documents\c++ projects\game\game\main.cpp(121): warning C4244: 'argument': conversion from 'int' to 'float', possible loss of data
c:\users\alex\documents\c++ projects\game\game\main.cpp(123): warning C4305: 'argument': truncation from 'int' to 'float'
c:\users\alex\documents\c++ projects\game\game\main.cpp(123): warning C4244: 'argument': conversion from 'int' to 'float', possible loss of data
c:\users\alex\documents\c++ projects\game\game\main.cpp(125): warning C4305: 'argument': truncation from 'int' to 'float'
c:\users\alex\documents\c++ projects\game\game\main.cpp(125): warning C4244: 'argument': conversion from 'int' to 'float', possible loss of data
c:\users\alex\documents\c++ projects\game\game\main.cpp(127): warning C4305: 'argument': truncation from 'int' to 'float'
c:\users\alex\documents\c++ projects\game\game\main.cpp(127): warning C4244: 'argument': conversion from 'int' to 'float', possible loss of data
c:\users\alex\documents\c++ projects\game\game\main.cpp(131): warning C4305: 'argument': truncation from 'int' to 'float'
c:\users\alex\documents\c++ projects\game\game\main.cpp(131): warning C4244: 'argument': conversion from 'int' to 'float', possible loss of data
c:\users\alex\documents\c++ projects\game\game\main.cpp(133): warning C4305: 'argument': truncation from 'int' to 'float'
c:\users\alex\documents\c++ projects\game\game\main.cpp(133): warning C4244: 'argument': conversion from 'int' to 'float', possible loss of data
c:\users\alex\documents\c++ projects\game\game\main.cpp(135): warning C4305: 'argument': truncation from 'int' to 'float'
c:\users\alex\documents\c++ projects\game\game\main.cpp(135): warning C4244: 'argument': conversion from 'int' to 'float', possible loss of data
c:\users\alex\documents\c++ projects\game\game\main.cpp(137): warning C4305: 'argument': truncation from 'int' to 'float'
c:\users\alex\documents\c++ projects\game\game\main.cpp(137): warning C4244: 'argument': conversion from 'int' to 'float', possible loss of data
c:\users\alex\documents\c++ projects\game\game\main.cpp(139): warning C4305: 'argument': truncation from 'int' to 'float'
c:\users\alex\documents\c++ projects\game\game\main.cpp(139): warning C4244: 'argument': conversion from 'int' to 'float', possible loss of data
c:\users\alex\documents\c++ projects\game\game\main.cpp(143): warning C4305: 'argument': truncation from 'int' to 'float'
c:\users\alex\documents\c++ projects\game\game\main.cpp(143): warning C4244: 'argument': conversion from 'int' to 'float', possible loss of data
c:\users\alex\documents\c++ projects\game\game\main.cpp(145): warning C4305: 'argument': truncation from 'int' to 'float'
c:\users\alex\documents\c++ projects\game\game\main.cpp(145): warning C4244: 'argument': conversion from 'int' to 'float', possible loss of data
c:\users\alex\documents\c++ projects\game\game\main.cpp(147): warning C4305: 'argument': truncation from 'int' to 'float'
c:\users\alex\documents\c++ projects\game\game\main.cpp(147): warning C4244: 'argument': conversion from 'int' to 'float', possible loss of data
c:\users\alex\documents\c++ projects\game\game\main.cpp(149): warning C4305: 'argument': truncation from 'int' to 'float'
c:\users\alex\documents\c++ projects\game\game\main.cpp(149): warning C4244: 'argument': conversion from 'int' to 'float', possible loss of data
c:\users\alex\documents\c++ projects\game\game\main.cpp(151): warning C4305: 'argument': truncation from 'int' to 'float'
c:\users\alex\documents\c++ projects\game\game\main.cpp(151): warning C4244: 'argument': conversion from 'int' to 'float', possible loss of data
c:\users\alex\documents\c++ projects\game\game\main.cpp(194): warning C4244: 'argument': conversion from 'int' to 'float', possible loss of data
c:\users\alex\documents\c++ projects\game\game\main.cpp(195): warning C4244: 'argument': conversion from 'int' to 'float', possible loss of data
c:\users\alex\documents\c++ projects\game\game\main.cpp(196): warning C4244: 'argument': conversion from 'int' to 'float', possible loss of data
c:\users\alex\documents\c++ projects\game\game\main.cpp(197): warning C4244: 'argument': conversion from 'int' to 'float', possible loss of data
c:\users\alex\documents\c++ projects\game\game\main.cpp(198): warning C4244: 'argument': conversion from 'int' to 'float', possible loss of data
c:\users\alex\documents\c++ projects\game\game\main.cpp(199): warning C4244: 'argument': conversion from 'int' to 'float', possible loss of data
c:\users\alex\documents\c++ projects\game\game\main.cpp(200): warning C4244: 'argument': conversion from 'int' to 'float', possible loss of data
c:\users\alex\documents\c++ projects\game\game\main.cpp(201): warning C4244: 'argument': conversion from 'int' to 'float', possible loss of data
c:\users\alex\documents\c++ projects\game\game\main.cpp(202): warning C4244: 'argument': conversion from 'int' to 'float', possible loss of data
c:\users\alex\documents\c++ projects\game\game\main.cpp(203): warning C4244: 'argument': conversion from 'int' to 'float', possible loss of data
c:\users\alex\documents\c++ projects\game\game\main.cpp(216): warning C4305: 'argument': truncation from 'double' to 'float'
c:\users\alex\documents\c++ projects\game\game\main.cpp(258): warning C4018: '<': signed/unsigned mismatch
c:\users\alex\documents\c++ projects\game\game\main.cpp(271): warning C4018: '<': signed/unsigned mismatch
c:\users\alex\documents\c++ projects\game\game\main.cpp(289): warning C4018: '<': signed/unsigned mismatch
c:\users\alex\documents\c++ projects\game\game\main.cpp(406): warning C4305: 'argument': truncation from 'double' to 'float'
c:\users\alex\documents\c++ projects\game\game\main.cpp(409): warning C4244: 'argument': conversion from 'int' to 'float', possible loss of data
c:\users\alex\documents\c++ projects\game\game\main.cpp(427): warning C4018: '<': signed/unsigned mismatch
c:\users\alex\documents\c++ projects\game\game\main.cpp(457): warning C4018: '<': signed/unsigned mismatch
c:\users\alex\documents\c++ projects\game\game\main.cpp(489): warning C4305: 'argument': truncation from 'double' to 'float'
c:\users\alex\documents\c++ projects\game\game\main.cpp(492): warning C4244: 'argument': conversion from 'int' to 'float', possible loss of data
c:\users\alex\documents\c++ projects\game\game\main.cpp(547): warning C4018: '<': signed/unsigned mismatch
c:\users\alex\documents\c++ projects\game\game\globals.h(52): warning C4715: 'mat2::rotate': not all control paths return a value
c:\users\alex\documents\c++ projects\game\game\globals.h(62): warning C4172: returning address of local variable or temporary: dotProduct
  Game.vcxproj -> C:\Users\Alex\Documents\C++ Projects\Game\Debug\Game.exe
